Determining if the pthread_create exist failed with the following output:
Change Dir: /home/cam/school/robotics1/rover/robotics1/packages/cameratransport/build/CMakeFiles/CMakeTmp

Run Build Command:/usr/bin/make "cmTryCompileExec103063501/fast"
make[1]: Entering directory `/home/cam/school/robotics1/rover/robotics1/packages/cameratransport/build/CMakeFiles/CMakeTmp'
/usr/bin/make -f CMakeFiles/cmTryCompileExec103063501.dir/build.make CMakeFiles/cmTryCompileExec103063501.dir/build
make[2]: Entering directory `/home/cam/school/robotics1/rover/robotics1/packages/cameratransport/build/CMakeFiles/CMakeTmp'
/usr/bin/cmake -E cmake_progress_report /home/cam/school/robotics1/rover/robotics1/packages/cameratransport/build/CMakeFiles/CMakeTmp/CMakeFiles 1
Building C object CMakeFiles/cmTryCompileExec103063501.dir/CheckSymbolExists.c.o
/usr/bin/gcc    -o CMakeFiles/cmTryCompileExec103063501.dir/CheckSymbolExists.c.o   -c /home/cam/school/robotics1/rover/robotics1/packages/cameratransport/build/CMakeFiles/CMakeTmp/CheckSymbolExists.c
Linking C executable cmTryCompileExec103063501
/usr/bin/cmake -E cmake_link_script CMakeFiles/cmTryCompileExec103063501.dir/link.txt --verbose=1
/usr/bin/gcc         CMakeFiles/cmTryCompileExec103063501.dir/CheckSymbolExists.c.o  -o cmTryCompileExec103063501 -rdynamic 
CMakeFiles/cmTryCompileExec103063501.dir/CheckSymbolExists.c.o: In function `main':
CheckSymbolExists.c:(.text+0x16): undefined reference to `pthread_create'
collect2: error: ld returned 1 exit status
make[2]: *** [cmTryCompileExec103063501] Error 1
make[2]: Leaving directory `/home/cam/school/robotics1/rover/robotics1/packages/cameratransport/build/CMakeFiles/CMakeTmp'
make[1]: *** [cmTryCompileExec103063501/fast] Error 2
make[1]: Leaving directory `/home/cam/school/robotics1/rover/robotics1/packages/cameratransport/build/CMakeFiles/CMakeTmp'

File /home/cam/school/robotics1/rover/robotics1/packages/cameratransport/build/CMakeFiles/CMakeTmp/CheckSymbolExists.c:
/* */
#include <pthread.h>

int main(int argc, char** argv)
{
  (void)argv;
#ifndef pthread_create
  return ((int*)(&pthread_create))[argc];
#else
  (void)argc;
  return 0;
#endif
}

Determining if the function pthread_create exists in the pthreads failed with the following output:
Change Dir: /home/cam/school/robotics1/rover/robotics1/packages/cameratransport/build/CMakeFiles/CMakeTmp

Run Build Command:/usr/bin/make "cmTryCompileExec429958297/fast"
make[1]: Entering directory `/home/cam/school/robotics1/rover/robotics1/packages/cameratransport/build/CMakeFiles/CMakeTmp'
/usr/bin/make -f CMakeFiles/cmTryCompileExec429958297.dir/build.make CMakeFiles/cmTryCompileExec429958297.dir/build
make[2]: Entering directory `/home/cam/school/robotics1/rover/robotics1/packages/cameratransport/build/CMakeFiles/CMakeTmp'
/usr/bin/cmake -E cmake_progress_report /home/cam/school/robotics1/rover/robotics1/packages/cameratransport/build/CMakeFiles/CMakeTmp/CMakeFiles 1
Building C object CMakeFiles/cmTryCompileExec429958297.dir/CheckFunctionExists.c.o
/usr/bin/gcc   -DCHECK_FUNCTION_EXISTS=pthread_create   -o CMakeFiles/cmTryCompileExec429958297.dir/CheckFunctionExists.c.o   -c /usr/share/cmake-2.8/Modules/CheckFunctionExists.c
Linking C executable cmTryCompileExec429958297
/usr/bin/cmake -E cmake_link_script CMakeFiles/cmTryCompileExec429958297.dir/link.txt --verbose=1
/usr/bin/gcc     -DCHECK_FUNCTION_EXISTS=pthread_create    CMakeFiles/cmTryCompileExec429958297.dir/CheckFunctionExists.c.o  -o cmTryCompileExec429958297 -rdynamic -lpthreads 
/usr/bin/ld: cannot find -lpthreads
collect2: error: ld returned 1 exit status
make[2]: Leaving directory `/home/cam/school/robotics1/rover/robotics1/packages/cameratransport/build/CMakeFiles/CMakeTmp'
make[2]: *** [cmTryCompileExec429958297] Error 1
make[1]: *** [cmTryCompileExec429958297/fast] Error 2
make[1]: Leaving directory `/home/cam/school/robotics1/rover/robotics1/packages/cameratransport/build/CMakeFiles/CMakeTmp'


